<?xml version="1.0" encoding="UTF-8"?>
<testsuite name="org.example.APITest" tests="9" skipped="0" failures="0" errors="0" timestamp="2022-07-07T11:10:46" hostname="eduroam079f.informatik.uni-bonn.de" time="0.113">
  <properties/>
  <testcase name="poolbeitreten()" classname="org.example.APITest" time="0.016"/>
  <testcase name="neuerPool()" classname="org.example.APITest" time="0.003"/>
  <testcase name="istEinPoolda()" classname="org.example.APITest" time="0.021"/>
  <testcase name="poolbeitreten_mindestanzahl_ueberschritten()" classname="org.example.APITest" time="0.003"/>
  <testcase name="poolLoeschen()" classname="org.example.APITest" time="0.004"/>
  <testcase name="neuerNutzer()" classname="org.example.APITest" time="0.003"/>
  <testcase name="neuerNutzerGleicherName()" classname="org.example.APITest" time="0.003"/>
  <testcase name="poolWarteraum()" classname="org.example.APITest" time="0.003"/>
  <testcase name="neuerPoolGleicheId()" classname="org.example.APITest" time="0.006"/>
  <system-out><![CDATA[[aerger, aerztin, abend, abfahrt, abflug, absender, adresse, alkohol, alter, ampel, anfang, angebot, angestellte, angst, ankunft, anmeldung, anrede, anruf, anrufbeantworter, ansage, anschluss, antwort, anzeige, anzug, apfel, apotheke, appartement, appetit, april, arbeit, arbeitsplatz, arm, arzt, aufenthalt, aufgabe, aufzug, auge, august, ausbildung, ausflug, ausgang, auskunft, auslaender, auslaenderin, ausland, aussage, ausstellung, ausweis, auto, autobahn, automat, baeckerei, buero, baby, bad, bahn, bahnhof, bahnsteig, balkon, banane, bank, batterie, baum, beamte, beamtin, bein, beispiel, bekannte, benzin, beratung, berg, beruf, berufsschule, besuch, betrag, bett, bewerbung, bier, bild, bildschirm, birne, bitte, blatt, bleistift, blick, blume, bluse, blut, bogen, bohne, broetchen, bruecke, brief, briefkasten, briefmarke, brieftasche, briefumschlag, brille, brot, bruder, buch, buchstabe, bus, butter, cd, chef, computer, creme, dach, dame, dank, datum, dauer, deutsche, dezember, dienstag, ding, disco, doktor, dom, donnerstag, doppelzimmer, dorf, drucker, durchsage, durst, dusche, email, ecke, ehefrau, ehemann, ei, einfuehrung, eingang, einladung, eintritt, einwohner, einzelzimmer, eis, eltern, empfaenger, empfang, ende, enkel, entschuldigung, erdgeschoss, erfahrung, ergebnis, erlaubnis, erwachsene, essen, export, faehre, fuehrerschein, fuehrung, fabrik, fahrer, fahrkarte, fahrplan, fahrrad, familie, familienname, familienstand, farbe, fax, februar, fehler, fenster, ferien, fernsehgeraet, fest, feuer, feuerwehr, feuerzeug, fieber, film, firma, fisch, flasche, fleisch, flughafen, flugzeug, flur, fluss, formular, foto, fotoapparat, fruehjahr, fruehling, fruehstueck, frage, frau, freitag, freizeit, freund, freundin, friseur, frist, fuß, fußball, fundbuero, gabel, garage, garten, gas, gast, gebuehr, geburtsjahr, geburtsort, geburtstag, gegenteil, geld, geldboerse, gemuese, gepaeck, gericht, gesamtschule, geschaeft, geschenk, geschirr, geschwister, gesicht, gespraech, gesundheit, getraenk, gewicht, gewitter, glueck, glueckwunsch, glas, gleis, groesse, grenze, grippe, grosseltern, grossmutter, grossvater, gruß, grundschule, gruppe, guthaben, gymnasium, haehnchen, haar, halbpension, halle, hals, haltestelle, hand, handtuch, handy, haus, hausaufgabe, hausfrau, haushalt, hausmann, heimat, heizung, hemd, herbst, herd, herr, herz, hilfe, hobby, holz, hose, hund, hunger, idee, import, industrie, information, inhalt, internet, jacke, jahr, januar, job, jugendherberge, jugendliche, juli, junge, juni, kaese, koerper, kueche, kuehlschrank, kuendigung, kaffee, kalender, kamera, kanne, karte, kartoffel, kasse, kassette, kassettenrecorder, katze, keller, kellner, kenntnisse, kennzeichen, kette, kfz, kind, kindergarten, kinderwagen, kino, kiosk, kirche, klasse, kleid, kleidung, kneipe, koffer, kollege, kollegin, konsulat, kontakt, konto, kontrolle, konzert, kopf, kosmetik, krankenkasse, krankheit, kredit, kreditkarte, kreis, kreuzung, kuchen, kugelschreiber, kunde, kundin, kurs, loeffel, loesung, laden, lager, lampe, land, landschaft, leben, lebensmittel, leid, lehre, lehrer, lehrerin, leute, licht, lied, lkw, loch, lohn, lokal, luft, lust, maedchen, maerz, moebel, muell, muelltonne, magen, mai, mal, mann, mantel, markt, maschine, material, mechaniker, medikament, meer, mehrwertsteuer, meinung, menge, mensch, messer, metall, miete, milch, minute, mittag, mitte, mitteilung, mittel, mittelschule, mittwoch, mode, moment, monat, montag, morgen, motor, mund, museum, musik, mutter, naehe, nachbar, nachbarin, nachmittag, nachrichten, nacht, name, natur, nebel, norden, notarzt, note, notfall, notiz, november, nudel, nummer, ober, obst, oktober, oma, opa, operation, orange, ordnung, ort, osten, oel, paeckchen, paket, panne, papier, papiere, parfüm, park, partei, partner, partnerin, party, pass, pause, pension, pkw, plan, plastik, platz, polizei, pommes, portion, post, postleitzahl, pruefung, praktikum, praxis, preis, problem, produkt, programm, prospekt, pullover, qualitaet, quittung, ruecken, rabatt, radio, rathaus, raucher, raucherin, raum, realschule, rechnung, regen, reifen, reinigung, reis, reise, reisebuero, reisefuehrer, reparatur, restaurant, rezept, rezeption, rind, rock, rose, rundgang, sueden, bahn, sache, saft, salat, salz, samstag, satz, schueler, schuelerin, schalter, scheckkarte, schiff, schild, schinken, schirm, schluessel, schloss, schluss, schmerzen, schnee, schnupfen, schokolade, schrank, schuh, schule, schwein, schwester, schwimmbad, see, sehenswuerdigkeit, seife, sekretaerin, sekunde, sendung, senioren, september, service, sessel, sofa, sohn, sommer, sonderangebot, sonne, sonntag, sorge, spuelmaschine, spaß, spaziergang, speisekarte, spielplatz, sprache, sprachschule, sprechstunde, stueck, stadt, standesamt, stempel, steuer, stock, stoff, strasse, strassenbahn, strand, streichholz, strom, student, studentin, studium, stuhl, stunde, supermarkt, suppe, tuer, tuete, tag, tankstelle, tasche, tasse, taxi, tee, teil, telefon, telefonbuch, teller, teppich, termin, test, text, theater, thema, ticket, tier, tipp, tisch, tochter, toilette, tomate, topf, tourist, treppe, trinkgeld, turm, uhr, unfall, universitaet, unterhaltung, unterkunft, unterricht, unterschied, unterschrift, untersuchung, urlaub, uebernachtung, vater, verbindung, verein, verkaeufer, verkaeuferin, verkehr, vermieter, versicherung, verspaetung, vertrag, video, vogel, volksschule, vormittag, vorname, vorsicht, vorwahl, waesche, wagen, wald, wasser, weg, wein, welt, werkstatt, werkzeug, westen, wetter, wiederhoeren, wiedersehen, wind, winter, wirtschaft, woche, wochenende, wochentag, wohnung, wolke, wort, wunsch, wurst, zahl, zahn, zeit, zeitschrift, zeitung, zentrum, zettel, zeugnis, zigarette, zimmer, zitrone, zoll, zucker, zug]
Neuen Nutzer anlegen
Nutzer :TestNutzer erstellt
Neuen Nutzer anlegen
Nutzer :TestNutzer2 erstellt
Neuen Nutzer anlegen
Nutzer :TestNutzer3 erstellt
{ 'name': 'TestNutzer','pool': '100','level': '1'}
TestNutzer
TestNutzer
100
1
neuer Pool wird angelegt
Das zu erratende Wort für den Pool ist: lager
anlegen erfolgt
{ Erfolg: true}
Neuen Nutzer anlegen
Fehler, TestNutzer existiert schon
Neuen Nutzer anlegen
Fehler, TestNutzer2 existiert schon
Neuen Nutzer anlegen
Fehler, TestNutzer3 existiert schon
{ 'name': 'TestNutzer','pool': '42','level': '1'}
TestNutzer
TestNutzer
42
1
neuer Pool wird angelegt
Das zu erratende Wort für den Pool ist: briefkasten
anlegen erfolgt
true
Neuen Nutzer anlegen
Fehler, TestNutzer existiert schon
Neuen Nutzer anlegen
Fehler, TestNutzer2 existiert schon
Neuen Nutzer anlegen
Fehler, TestNutzer3 existiert schon
{ID: 100 Nummer in Liste: 0, Schwierigkeit: 1 Mitgliederzahl: 2ID: 42 Nummer in Liste: 1, Schwierigkeit: 1 Mitgliederzahl: 1Vorhanden: false}
Neuen Nutzer anlegen
Fehler, TestNutzer existiert schon
Neuen Nutzer anlegen
Fehler, TestNutzer2 existiert schon
Neuen Nutzer anlegen
Fehler, TestNutzer3 existiert schon
{ Erfolg: false}
Neuen Nutzer anlegen
Fehler, TestNutzer existiert schon
Neuen Nutzer anlegen
Fehler, TestNutzer2 existiert schon
Neuen Nutzer anlegen
Fehler, TestNutzer3 existiert schon
geloescht
0
Neuen Nutzer anlegen
Fehler, TestNutzer existiert schon
Neuen Nutzer anlegen
Fehler, TestNutzer2 existiert schon
Neuen Nutzer anlegen
Fehler, TestNutzer3 existiert schon
Neuen Nutzer anlegen
Nutzer :coolerName erstellt
{ 'neuerNutzer': 'true' }
Neuen Nutzer anlegen
Fehler, TestNutzer existiert schon
Neuen Nutzer anlegen
Fehler, TestNutzer2 existiert schon
Neuen Nutzer anlegen
Fehler, TestNutzer3 existiert schon
Neuen Nutzer anlegen
Fehler, coolerName existiert schon
{ 'neuerNutzer': 'false' }
Neuen Nutzer anlegen
Fehler, TestNutzer existiert schon
Neuen Nutzer anlegen
Fehler, TestNutzer2 existiert schon
Neuen Nutzer anlegen
Fehler, TestNutzer3 existiert schon
{true}
Neuen Nutzer anlegen
Fehler, TestNutzer existiert schon
Neuen Nutzer anlegen
Fehler, TestNutzer2 existiert schon
Neuen Nutzer anlegen
Fehler, TestNutzer3 existiert schon
{ 'name': 'TestNutzer','pool': '42','level': '1'}
TestNutzer
TestNutzer
42
1
neuer Pool wird angelegt
Das zu erratende Wort für den Pool ist: landschaft
anlegen erfolgt
{ 'name': 'TestNutzer','pool': '42','level': '1'}
TestNutzer
TestNutzer
42
1
]]></system-out>
  <system-err><![CDATA[SLF4J: Failed to load class "org.slf4j.impl.StaticLoggerBinder".
SLF4J: Defaulting to no-operation (NOP) logger implementation
SLF4J: See http://www.slf4j.org/codes.html#StaticLoggerBinder for further details.
]]></system-err>
</testsuite>
